app/build/intermediates/proguard-rules/release/aapt_rules.txt
# view res/layout/design_navigation_item.xml #generated:17
-keep class android.support.design.internal.NavigationMenuItemView { <init>(...); }

# view res/layout/design_navigation_menu.xml #generated:17
-keep class android.support.design.internal.NavigationMenuView { <init>(...); }

# view res/layout/activity_main.xml #generated:116
# view res/layout/activity_main.xml #generated:167
# view res/layout/activity_main.xml #generated:529
# view res/layout/activity_main.xml #generated:96
-keep class android.support.design.widget.CoordinatorLayout { <init>(...); }

# view res/layout/activity_main.xml #generated:107
# view res/layout/activity_main.xml #generated:140
# view res/layout/activity_main.xml #generated:182
-keep class android.support.design.widget.FloatingActionButton { <init>(...); }

# view res/layout/layout_snackbar.xml #generated:18
# view sw600dp-v13\res/layout-sw600dp-v13/layout_snackbar.xml #generated:18
-keep class android.support.design.widget.Snackbar$SnackbarLayout { <init>(...); }

# view res/layout/abc_alert_dialog_material.xml #generated:130
-keep class android.support.v4.widget.Space { <init>(...); }

# view res/layout/activity_main.xml #generated:172
# view res/layout/activity_main.xml #generated:46
-keep class android.support.v4.widget.SwipeRefreshLayout { <init>(...); }

# view res/layout/abc_action_menu_item_layout.xml #generated:17
-keep class android.support.v7.internal.view.menu.ActionMenuItemView { <init>(...); }

# view res/layout/abc_expanded_menu_layout.xml #generated:17
-keep class android.support.v7.internal.view.menu.ExpandedMenuView { <init>(...); }

# view res/layout/abc_list_menu_item_layout.xml #generated:17
# view res/layout/abc_popup_menu_item_layout.xml #generated:17
-keep class android.support.v7.internal.view.menu.ListMenuItemView { <init>(...); }

# view res/layout/abc_screen_toolbar.xml #generated:27
-keep class android.support.v7.internal.widget.ActionBarContainer { <init>(...); }

# view res/layout/abc_action_mode_bar.xml #generated:19
# view res/layout/abc_screen_toolbar.xml #generated:43
-keep class android.support.v7.internal.widget.ActionBarContextView { <init>(...); }

# view res/layout/abc_screen_toolbar.xml #generated:17
-keep class android.support.v7.internal.widget.ActionBarOverlayLayout { <init>(...); }

# view res/layout/abc_activity_chooser_view.xml #generated:19
-keep class android.support.v7.internal.widget.ActivityChooserView$InnerLayout { <init>(...); }

# view res/layout/abc_screen_content_include.xml #generated:19
-keep class android.support.v7.internal.widget.ContentFrameLayout { <init>(...); }

# view res/layout/abc_alert_dialog_material.xml #generated:48
-keep class android.support.v7.internal.widget.DialogTitle { <init>(...); }

# view res/layout/abc_screen_simple_overlay_action_mode.xml #generated:23
-keep class android.support.v7.internal.widget.FitWindowsFrameLayout { <init>(...); }

# view res/layout/abc_dialog_title_material.xml #generated:22
# view res/layout/abc_screen_simple.xml #generated:17
-keep class android.support.v7.internal.widget.FitWindowsLinearLayout { <init>(...); }

# view res/layout/abc_action_mode_close_item_material.xml #generated:17
# view res/layout/abc_search_dropdown_item_icons_2line.xml #generated:27
# view res/layout/abc_search_dropdown_item_icons_2line.xml #generated:37
# view res/layout/abc_search_dropdown_item_icons_2line.xml #generated:48
# view res/layout/abc_search_view.xml #generated:116
# view res/layout/abc_search_view.xml #generated:128
# view res/layout/abc_search_view.xml #generated:38
# view res/layout/abc_search_view.xml #generated:60
# view res/layout/abc_search_view.xml #generated:97
-keep class android.support.v7.internal.widget.TintImageView { <init>(...); }

# view res/layout/abc_screen_simple.xml #generated:25
# view res/layout/abc_screen_simple_overlay_action_mode.xml #generated:32
-keep class android.support.v7.internal.widget.ViewStubCompat { <init>(...); }

# view res/layout/abc_action_menu_layout.xml #generated:17
-keep class android.support.v7.widget.ActionMenuView { <init>(...); }

# view res/layout/activity_main.xml #generated:29
# view res/layout/cardview.xml #generated:2
# view res/layout/settings_toolbar_l.xml #generated:2
-keep class android.support.v7.widget.CardView { <init>(...); }

# view res/layout/activity_main.xml #generated:101
# view res/layout/activity_main.xml #generated:121
# view res/layout/activity_main.xml #generated:50
# view res/layout/activity_main.xml #generated:69
# view res/layout/fragment_filepicker.xml #generated:45
-keep class android.support.v7.widget.RecyclerView { <init>(...); }

# view res/layout/abc_search_view.xml #generated:78
-keep class android.support.v7.widget.SearchView$SearchAutoComplete { <init>(...); }

# view res/layout/abc_screen_toolbar.xml #generated:36
# view res/layout/activity_main.xml #generated:21
# view res/layout/activity_main.xml #generated:37
# view res/layout/fragment_filepicker.xml #generated:26
# view res/layout/md_drawer_activity.xml #generated:14
# view res/layout/settings_toolbar.xml #generated:2
# view res/layout/settings_toolbar_l.xml #generated:9
-keep class android.support.v7.widget.Toolbar { <init>(...); }

# view res/layout/searchbox.xml #generated:78
-keep class com.balysv.materialmenu.MaterialMenuView { <init>(...); }

# view AndroidManifest.xml #generated:79
-keep class com.facebook.FacebookActivity { <init>(...); }

# view res/layout/activity_login.xml #generated:17
-keep class com.facebook.login.widget.LoginButton { <init>(...); }

# view AndroidManifest.xml #generated:97
-keep class com.google.android.gms.ads.AdActivity { <init>(...); }

# view AndroidManifest.xml #generated:101
-keep class com.google.android.gms.ads.purchase.InAppPurchaseActivity { <init>(...); }

# view AndroidManifest.xml #generated:109
-keep class com.google.android.gms.wallet.EnableWalletOptimizationReceiver { <init>(...); }

# view res/layout/activity_main.xml #generated:1
# view res/layout/md_drawer_activity.xml #generated:2
-keep class com.heinrichreimersoftware.materialdrawer.DrawerFrameLayout { <init>(...); }

# view res/layout/md_drawer_frame_layout.xml #generated:2
-keep class com.heinrichreimersoftware.materialdrawer.DrawerView { <init>(...); }

# view res/layout/md_drawer_view.xml #generated:191
# view res/layout/md_drawer_view.xml #generated:199
# view res/layout/md_drawer_view.xml #generated:233
-keep class com.heinrichreimersoftware.materialdrawer.widget.LinearListView { <init>(...); }

# view res/layout/activity_main.xml #generated:202
-keep class com.joanzapata.pdfview.PDFView { <init>(...); }

# view AndroidManifest.xml #generated:87
-keep class com.nononsenseapps.filepicker.FilePickerActivity { <init>(...); }

# view res/layout/activity_main.xml #generated:158
-keep class com.quinny898.library.persistentsearch.SearchBox { <init>(...); }

# view res/layout/activity_main.xml #generated:191
-keep class com.sothree.slidinguppanel.SlidingUpPanelLayout { <init>(...); }

# view AndroidManifest.xml #generated:37
-keep class com.teched.smartread.BackupAgent { <init>(...); }

# view AndroidManifest.xml #generated:83
-keep class com.teched.smartread.LoginActivity { <init>(...); }

# view AndroidManifest.xml #generated:53
-keep class com.teched.smartread.MainActivity { <init>(...); }

# view AndroidManifest.xml #generated:71
-keep class com.teched.smartread.SettingsActivity { <init>(...); }

# view res/layout/searchbox.xml #generated:2
-keep class io.codetail.widget.RevealFrameLayout { <init>(...); }

# onClick res/layout/searchbox.xml #generated:66
-keepclassmembers class * { *** mic(...); }