app/build/outputs/mapping/release/seeds.txt
com.teched.smartread.BackupAgent
com.teched.smartread.BackupAgent: BackupAgent()
com.teched.smartread.LoginActivity
com.teched.smartread.LoginActivity: LoginActivity()
com.teched.smartread.MainActivity
com.teched.smartread.MainActivity: MainActivity()
com.teched.smartread.MainActivity: void mic(android.view.View)
com.teched.smartread.R$anim: int abc_fade_in
com.teched.smartread.R$anim: int abc_fade_out
com.teched.smartread.R$anim: int abc_grow_fade_in_from_bottom
com.teched.smartread.R$anim: int abc_popup_enter
com.teched.smartread.R$anim: int abc_popup_exit
com.teched.smartread.R$anim: int abc_shrink_fade_out_from_bottom
com.teched.smartread.R$anim: int abc_slide_in_bottom
com.teched.smartread.R$anim: int abc_slide_in_top
com.teched.smartread.R$anim: int abc_slide_out_bottom
com.teched.smartread.R$anim: int abc_slide_out_top
com.teched.smartread.R$anim: int anim_down
com.teched.smartread.R$anim: int fab_in
com.teched.smartread.R$anim: int fab_out
com.teched.smartread.R$anim: int slide_in_from_left
com.teched.smartread.R$anim: int slide_in_from_right
com.teched.smartread.R$anim: int slide_in_instant
com.teched.smartread.R$anim: int slide_out_instant
com.teched.smartread.R$anim: int slide_out_to_left
com.teched.smartread.R$anim: int slide_out_to_right
com.teched.smartread.R$anim: int snackbar_in
com.teched.smartread.R$anim: int snackbar_out
com.teched.smartread.R$array: int sortentries
com.teched.smartread.R$array: int sortvalues
com.teched.smartread.R$array: int syncentries
com.teched.smartread.R$array: int syncvalues
com.teched.smartread.R$attr: int actionBarDivider
com.teched.smartread.R$attr: int actionBarItemBackground
com.teched.smartread.R$attr: int actionBarPopupTheme
com.teched.smartread.R$attr: int actionBarSize
com.teched.smartread.R$attr: int actionBarSplitStyle
com.teched.smartread.R$attr: int actionBarStyle
com.teched.smartread.R$attr: int actionBarTabBarStyle
com.teched.smartread.R$attr: int actionBarTabStyle
com.teched.smartread.R$attr: int actionBarTabTextStyle
com.teched.smartread.R$attr: int actionBarTheme
com.teched.smartread.R$attr: int actionBarWidgetTheme
com.teched.smartread.R$attr: int actionButtonStyle
com.teched.smartread.R$attr: int actionDropDownStyle
com.teched.smartread.R$attr: int actionLayout
com.teched.smartread.R$attr: int actionMenuTextAppearance
com.teched.smartread.R$attr: int actionMenuTextColor
com.teched.smartread.R$attr: int actionModeBackground
com.teched.smartread.R$attr: int actionModeCloseButtonStyle
com.teched.smartread.R$attr: int actionModeCloseDrawable
com.teched.smartread.R$attr: int actionModeCopyDrawable
com.teched.smartread.R$attr: int actionModeCutDrawable
com.teched.smartread.R$attr: int actionModeFindDrawable
com.teched.smartread.R$attr: int actionModePasteDrawable
com.teched.smartread.R$attr: int actionModePopupWindowStyle
com.teched.smartread.R$attr: int actionModeSelectAllDrawable
com.teched.smartread.R$attr: int actionModeShareDrawable
com.teched.smartread.R$attr: int actionModeSplitBackground
com.teched.smartread.R$bool: int abc_action_bar_embed_tabs
com.teched.smartread.R$bool: int abc_action_bar_embed_tabs_pre_jb
com.teched.smartread.R$bool: int abc_action_bar_expanded_action_views_exclusive
com.teched.smartread.R$bool: int abc_config_actionMenuItemAllCaps
com.teched.smartread.R$bool: int abc_config_allowActionMenuItemTextWithIcon
com.teched.smartread.R$bool: int abc_config_closeDialogWhenTouchOutside
com.teched.smartread.R$bool: int abc_config_showMenuShortcutsWhenKeyboardPresent
...
com.google.android.gms.drive.internal.RemovePermissionRequest
com.google.android.gms.drive.internal.RemovePermissionRequest: android.os.Parcelable$Creator CREATOR
com.google.android.gms.drive.internal.SetDrivePreferencesRequest
com.google.android.gms.drive.internal.SetDrivePreferencesRequest: android.os.Parcelable$Creator CREATOR
com.google.android.gms.drive.internal.SetFileUploadPreferencesRequest
com.google.android.gms.drive.internal.SetFileUploadPreferencesRequest: android.os.Parcelable$Creator CREATOR
com.google.android.gms.drive.internal.SetResourceParentsRequest
com.google.android.gms.drive.internal.SetResourceParentsRequest: android.os.Parcelable$Creator CREATOR
com.google.android.gms.drive.internal.TrashResourceRequest
com.google.android.gms.drive.internal.TrashResourceRequest: android.os.Parcelable$Creator CREATOR
com.google.android.gms.drive.internal.UnsubscribeResourceRequest
com.google.android.gms.drive.internal.UnsubscribeResourceRequest: android.os.Parcelable$Creator CREATOR
com.google.android.gms.drive.internal.UntrashResourceRequest
com.google.android.gms.drive.internal.UntrashResourceRequest: android.os.Parcelable$Creator CREATOR
com.google.android.gms.drive.internal.UpdateMetadataRequest
com.google.android.gms.drive.internal.UpdateMetadataRequest: android.os.Parcelable$Creator CREATOR
com.google.android.gms.drive.internal.UpdatePermissionRequest
com.google.android.gms.drive.internal.UpdatePermissionRequest: android.os.Parcelable$Creator CREATOR
com.google.android.gms.drive.metadata.CustomPropertyKey
com.google.android.gms.drive.metadata.CustomPropertyKey: android.os.Parcelable$Creator CREATOR
com.google.android.gms.drive.metadata.internal.AppVisibleCustomProperties
com.google.android.gms.drive.metadata.internal.AppVisibleCustomProperties: android.os.Parcelable$Creator CREATOR
com.google.android.gms.drive.metadata.internal.CustomProperty
com.google.android.gms.drive.metadata.internal.CustomProperty: android.os.Parcelable$Creator CREATOR
com.google.android.gms.drive.metadata.internal.MetadataBundle
com.google.android.gms.drive.metadata.internal.MetadataBundle: android.os.Parcelable$Creator CREATOR
com.google.android.gms.drive.metadata.internal.ParentDriveIdSet
com.google.android.gms.drive.metadata.internal.ParentDriveIdSet: android.os.Parcelable$Creator CREATOR
com.google.android.gms.drive.metadata.internal.PartialDriveId
com.google.android.gms.drive.metadata.internal.PartialDriveId: android.os.Parcelable$Creator CREATOR
com.google.android.gms.drive.query.Filter
com.google.android.gms.drive.query.Query
com.google.android.gms.drive.query.Query: android.os.Parcelable$Creator CREATOR
com.google.android.gms.drive.query.SortOrder
com.google.android.gms.drive.query.SortOrder: android.os.Parcelable$Creator CREATOR
com.google.android.gms.drive.query.internal.AbstractFilter
com.google.android.gms.drive.query.internal.ComparisonFilter
com.google.android.gms.drive.query.internal.ComparisonFilter: com.google.android.gms.drive.query.internal.zza CREATOR
com.google.android.gms.drive.query.internal.FieldOnlyFilter
com.google.android.gms.drive.query.internal.FieldOnlyFilter: android.os.Parcelable$Creator CREATOR
com.google.android.gms.drive.query.internal.FieldWithSortOrder
com.google.android.gms.drive.query.internal.FieldWithSortOrder: com.google.android.gms.drive.query.internal.zzc CREATOR
com.google.android.gms.drive.query.internal.FilterHolder
com.google.android.gms.drive.query.internal.FilterHolder: android.os.Parcelable$Creator CREATOR
com.google.android.gms.drive.query.internal.FullTextSearchFilter
com.google.android.gms.drive.query.internal.FullTextSearchFilter: com.google.android.gms.drive.query.internal.zzh CREATOR
com.google.android.gms.drive.query.internal.HasFilter
com.google.android.gms.drive.query.internal.HasFilter: com.google.android.gms.drive.query.internal.zzi CREATOR