app/build/outputs/mapping/release/mapping.txt
com.teched.smartread.AddBookJob -> com.teched.smartread.a:
    java.lang.String Email -> a
    java.lang.String Book -> b
    void <init>(java.lang.String,java.lang.String) -> <init>
    void onAdded() -> b
    void onRun() -> c
    boolean shouldReRunOnThrowable(java.lang.Throwable) -> a
    void onCancel() -> d
com.teched.smartread.AddJob -> com.teched.smartread.b:
    java.lang.String Email -> a
    java.lang.String classId -> b
    void <init>(java.lang.String,java.lang.String) -> <init>
    void onAdded() -> b
    void onRun() -> c
    boolean shouldReRunOnThrowable(java.lang.Throwable) -> a
    void onCancel() -> d
com.teched.smartread.BackupAgent -> com.teched.smartread.BackupAgent:
    void <init>() -> <init>
    void onCreate() -> onCreate
com.teched.smartread.Card -> com.teched.smartread.c:
    java.lang.String name -> a
    java.lang.String author -> b
    void <init>() -> <init>
com.teched.smartread.Class -> com.teched.smartread.d:
    java.lang.String name -> a
    org.json.JSONArray users -> b
    org.json.JSONArray pending -> c
    java.lang.String id -> d
    java.lang.String access_code -> e
    void <init>() -> <init>
com.teched.smartread.ClassAdapter -> com.teched.smartread.e:
    java.util.List cards -> b
    java.util.List visibleCards -> a
    int rowLayout -> c
    android.content.Context mContext -> d
    void <init>(java.util.List,int,android.content.Context) -> <init>
    void flushFilter() -> d
    java.lang.String getName(int) -> e
    org.json.JSONArray getUsers(int) -> f
    org.json.JSONArray getPending(int) -> g
    java.lang.String getId(int) -> h
    java.lang.String getAccessCode(int) -> i
    com.teched.smartread.ClassAdapter$ViewHolder onCreateViewHolder(android.view.ViewGroup,int) -> c
    void onBindViewHolder(com.teched.smartread.ClassAdapter$ViewHolder,int) -> a
    int getItemCount() -> a
    void onBindViewHolder(android.support.v7.widget.RecyclerView$ViewHolder,int) -> a
    android.support.v7.widget.RecyclerView$ViewHolder onCreateViewHolder(android.view.ViewGroup,int) -> a
com.teched.smartread.ClassAdapter$ViewHolder -> com.teched.smartread.f:
    android.widget.TextView cardName -> j
    android.widget.ImageView cardImage -> k
    void <init>(android.view.View) -> <init>
com.teched.smartread.DistributeAdapter -> com.teched.smartread.g:
    java.util.List cards -> b
    java.util.List visibleCards -> a
    int rowLayout -> c
    android.content.Context mContext -> d
    void <init>(java.util.List,int,android.content.Context) -> <init>
    void flushFilter() -> d
    com.teched.smartread.DistributeAdapter$ViewHolder onCreateViewHolder(android.view.ViewGroup,int) -> c
    void onBindViewHolder(com.teched.smartread.DistributeAdapter$ViewHolder,int) -> a
    int getItemCount() -> a
    void onBindViewHolder(android.support.v7.widget.RecyclerView$ViewHolder,int) -> a
    android.support.v7.widget.RecyclerView$ViewHolder onCreateViewHolder(android.view.ViewGroup,int) -> a
com.teched.smartread.DistributeAdapter$ViewHolder -> com.teched.smartread.h:
    android.widget.CheckedTextView cardName -> j
    void <init>(android.view.View) -> <init>
com.teched.smartread.JoinJob -> com.teched.smartread.i:
    java.lang.String Email -> a
    java.lang.String access_code -> b
    void <init>(java.lang.String,java.lang.String) -> <init>
    void onAdded() -> b
    void onRun() -> c
    boolean shouldReRunOnThrowable(java.lang.Throwable) -> a
    void onCancel() -> d
com.teched.smartread.JsonClass -> com.teched.smartread.j:
    java.lang.String getJSON(java.lang.String) -> a
    java.lang.String convertinputStreamToString(java.io.InputStream) -> a
    void DownloadBook(java.lang.String,java.lang.String) -> a
    int uploadFile(java.lang.String,java.lang.String) -> b
...
com.google.android.gms.location.places.zzl -> com.google.android.gms.location.places.o:
    void <init>() -> <init>
    com.google.android.gms.location.places.PlaceRequest zzev(android.os.Parcel) -> a
    com.google.android.gms.location.places.PlaceRequest[] zzgT(int) -> a
    void zza(com.google.android.gms.location.places.PlaceRequest,android.os.Parcel,int) -> a
    java.lang.Object[] newArray(int) -> newArray
    java.lang.Object createFromParcel(android.os.Parcel) -> createFromParcel
com.google.android.gms.location.places.zzn -> com.google.android.gms.location.places.p:
    void <init>() -> <init>
    com.google.android.gms.location.places.UserDataType zzew(android.os.Parcel) -> a
    com.google.android.gms.location.places.UserDataType[] zzgV(int) -> a
    void zza(com.google.android.gms.location.places.UserDataType,android.os.Parcel,int) -> a
    java.lang.Object[] newArray(int) -> newArray
    java.lang.Object createFromParcel(android.os.Parcel) -> createFromParcel
com.google.android.gms.location.zza -> com.google.android.gms.location.f:
    void <init>() -> <init>
    com.google.android.gms.location.GeofencingRequest zzec(android.os.Parcel) -> a
    com.google.android.gms.location.GeofencingRequest[] zzgs(int) -> a
    void zza(com.google.android.gms.location.GeofencingRequest,android.os.Parcel,int) -> a
    java.lang.Object[] newArray(int) -> newArray
    java.lang.Object createFromParcel(android.os.Parcel) -> createFromParcel
com.google.android.gms.location.zzb -> com.google.android.gms.location.g:
    void <init>() -> <init>
    com.google.android.gms.location.GestureRequest zzed(android.os.Parcel) -> a
    com.google.android.gms.location.GestureRequest[] zzgt(int) -> a
    void zza(com.google.android.gms.location.GestureRequest,android.os.Parcel,int) -> a
    java.lang.Object[] newArray(int) -> newArray
    java.lang.Object createFromParcel(android.os.Parcel) -> createFromParcel
com.google.android.gms.location.zzc -> com.google.android.gms.location.h:
    void onLocationResult(com.google.android.gms.location.LocationResult) -> a
    void onLocationAvailability(com.google.android.gms.location.LocationAvailability) -> a
com.google.android.gms.location.zzc$zza -> com.google.android.gms.location.i:
    com.google.android.gms.location.zzc zzbS(android.os.IBinder) -> a
    android.os.IBinder asBinder() -> asBinder
    boolean onTransact(int,android.os.Parcel,android.os.Parcel,int) -> onTransact
com.google.android.gms.location.zzc$zza$zza -> com.google.android.gms.location.j:
    android.os.IBinder zznF -> a
    void <init>(android.os.IBinder) -> <init>
    android.os.IBinder asBinder() -> asBinder
    void onLocationResult(com.google.android.gms.location.LocationResult) -> a
    void onLocationAvailability(com.google.android.gms.location.LocationAvailability) -> a
com.google.android.gms.location.zzd -> com.google.android.gms.location.k:
    void onLocationChanged(android.location.Location) -> a
com.google.android.gms.location.zzd$zza -> com.google.android.gms.location.l:
    com.google.android.gms.location.zzd zzbT(android.os.IBinder) -> a
    android.os.IBinder asBinder() -> asBinder
    boolean onTransact(int,android.os.Parcel,android.os.Parcel,int) -> onTransact
com.google.android.gms.location.zzd$zza$zza -> com.google.android.gms.location.m:
    android.os.IBinder zznF -> a
    void <init>(android.os.IBinder) -> <init>
    android.os.IBinder asBinder() -> asBinder
    void onLocationChanged(android.location.Location) -> a
com.google.android.gms.location.zzf -> com.google.android.gms.location.n:
    void <init>() -> <init>
    com.google.android.gms.location.LocationResult zzee(android.os.Parcel) -> a
    com.google.android.gms.location.LocationResult[] zzgw(int) -> a
    void zza(com.google.android.gms.location.LocationResult,android.os.Parcel,int) -> a
    java.lang.Object[] newArray(int) -> newArray
    java.lang.Object createFromParcel(android.os.Parcel) -> createFromParcel