app/build/outputs/mapping/release/usage.txt
com.teched.smartread.AddBookJob:
    public static final int PRIORITY
com.teched.smartread.AddJob:
    public static final int PRIORITY
com.teched.smartread.BuildConfig
com.teched.smartread.JoinJob:
    public static final int PRIORITY
com.teched.smartread.JsonClass:
    19:19:public JsonClass()
com.teched.smartread.LoginActivity:
    private static final int RC_SIGN_IN
com.teched.smartread.MainActivity:
    private static final int FILE_CODE
com.teched.smartread.MainActivity$45:
    1870:1871:public void onSearchCleared()
com.teched.smartread.R
com.teched.smartread.R$anim
com.teched.smartread.R$array
com.teched.smartread.R$attr
com.teched.smartread.R$bool
com.teched.smartread.R$color
com.teched.smartread.R$dimen
com.teched.smartread.R$drawable
com.teched.smartread.R$id
com.teched.smartread.R$integer
com.teched.smartread.R$layout
com.teched.smartread.R$menu
com.teched.smartread.R$mipmap
com.teched.smartread.R$raw
com.teched.smartread.R$string
com.teched.smartread.R$style
com.teched.smartread.R$styleable
com.teched.smartread.R$xml
com.teched.smartread.TextDrawable:
    private static final float SHADE_FACTOR
com.teched.smartread.TextDrawable$Builder:
    176:177:public com.teched.smartread.TextDrawable$IConfigBuilder width(int)
    181:182:public com.teched.smartread.TextDrawable$IConfigBuilder height(int)
    186:187:public com.teched.smartread.TextDrawable$IConfigBuilder textColor(int)
    191:192:public com.teched.smartread.TextDrawable$IConfigBuilder withBorder(int)
    196:197:public com.teched.smartread.TextDrawable$IConfigBuilder useFont(android.graphics.Typeface)
    201:202:public com.teched.smartread.TextDrawable$IConfigBuilder fontSize(int)
    206:207:public com.teched.smartread.TextDrawable$IConfigBuilder bold()
    211:212:public com.teched.smartread.TextDrawable$IConfigBuilder toUpperCase()
    217:217:public com.teched.smartread.TextDrawable$IConfigBuilder beginConfig()
    222:222:public com.teched.smartread.TextDrawable$IShapeBuilder endConfig()
    227:228:public com.teched.smartread.TextDrawable$IBuilder rect()
    239:242:public com.teched.smartread.TextDrawable$IBuilder roundRect(int)
    247:248:public com.teched.smartread.TextDrawable buildRect(java.lang.String,int)
    253:254:public com.teched.smartread.TextDrawable buildRoundRect(java.lang.String,int,int)
com.teched.smartread.TextDrawable$IBuilder:
    public abstract com.teched.smartread.TextDrawable build(java.lang.String,int)
com.teched.smartread.TextDrawable$IConfigBuilder
com.teched.smartread.TextDrawable$IShapeBuilder:
    public abstract com.teched.smartread.TextDrawable$IConfigBuilder beginConfig()
    public abstract com.teched.smartread.TextDrawable$IBuilder rect()
    public abstract com.teched.smartread.TextDrawable$IBuilder round()
    public abstract com.teched.smartread.TextDrawable$IBuilder roundRect(int)
    public abstract com.teched.smartread.TextDrawable buildRect(java.lang.String,int)
    public abstract com.teched.smartread.TextDrawable buildRoundRect(java.lang.String,int,int)
com.teched.smartread.UploadJob:
    public static final int PRIORITY
com.teched.smartread.Utils:
    10:10:public Utils()
...
android.support.v7.internal.app.WindowDecorActionBar$TabImpl
android.support.v7.internal.transition.ActionBarTransition:
    private static final boolean TRANSITIONS_ENABLED
    private static final int TRANSITION_DURATION
    25:25:public ActionBarTransition()
android.support.v7.internal.view.StandaloneActionMode:
    141:141:public void onCloseMenu(android.support.v7.internal.view.menu.MenuBuilder,boolean)
    144:149:public boolean onSubMenuSelected(android.support.v7.internal.view.menu.SubMenuBuilder)
    153:153:public void onCloseSubMenu(android.support.v7.internal.view.menu.SubMenuBuilder)
    161:161:public boolean isUiFocusable()
android.support.v7.internal.view.SupportMenuInflater:
    private static final java.lang.String LOG_TAG
    private static final java.lang.String XML_MENU
    private static final java.lang.String XML_GROUP
    private static final java.lang.String XML_ITEM
    private static final int NO_ID
android.support.v7.internal.view.SupportMenuInflater$MenuState:
    private static final int defaultGroupId
    private static final int defaultItemId
    private static final int defaultItemCategory
    private static final int defaultItemOrder
    private static final int defaultItemCheckable
    private static final boolean defaultItemChecked
    private static final boolean defaultItemVisible
    private static final boolean defaultItemEnabled
android.support.v7.internal.view.menu.ActionMenuItem:
    private static final int NO_ICON
    private static final int CHECKABLE
    private static final int CHECKED
    private static final int EXCLUSIVE
    private static final int HIDDEN
    private static final int ENABLED
    148:149:public android.support.v7.internal.view.menu.ActionMenuItem setExclusiveCheckable(boolean)
    216:225:public boolean invoke()
android.support.v7.internal.view.menu.ActionMenuItemView:
    private static final java.lang.String TAG
    private static final int MAX_ICON_SIZE
    208:208:public void setShortcut(boolean,char)
    218:218:public boolean showsIcon()
android.support.v7.internal.view.menu.BaseWrapper:
    31:31:public java.lang.Object getWrappedObject()
android.support.v7.internal.view.menu.ListMenuItemView:
    private static final java.lang.String TAG
    272:272:public boolean showsIcon()
android.support.v7.internal.view.menu.ListMenuPresenter:
    private static final java.lang.String TAG
    public static final java.lang.String VIEWS_TAG
    157:157:int getItemIndexOffset()
    161:165:public void setItemIndexOffset(int)
    201:202:public void setId(int)
android.support.v7.internal.view.menu.MenuBuilder:
    private static final java.lang.String TAG
    private static final java.lang.String PRESENTER_KEY
    private static final java.lang.String ACTION_VIEW_STATES_KEY
    private static final java.lang.String EXPANDED_ACTION_VIEW_ID
    private android.util.SparseArray mFrozenViewStates
    570:571:public void removeItemAt(int)
    574:580:public void clearAll()
    781:787:public void setShortcutsVisible(boolean)
    1233:1234:protected android.support.v7.internal.view.menu.MenuBuilder setHeaderTitleInt(int)
    1257:1258:protected android.support.v7.internal.view.menu.MenuBuilder setHeaderIconInt(int)
    1302:1303:public void setCurrentMenuInfo(android.view.ContextMenu$ContextMenuInfo)
    1306:1307:void setOptionalIconsVisible(boolean)
android.support.v7.internal.view.menu.MenuDialogHelper:
    130:131:public void setPresenterCallback(android.support.v7.internal.view.menu.MenuPresenter$Callback)